<?xml version="1.0" encoding="UTF-8"?>
<!-- Generated by org.testng.reporters.JUnitXMLReporter -->
<testsuite ignored="0" hostname="Pooja" failures="1" tests="2" name="firefoxTest" time="36.902" errors="0" timestamp="2026-05-15T00:23:27 IST">
  <testcase classname="testNG.QuickerWebsite" name="Register" time="6.125"/>
  <testcase classname="testNG.QuickerWebsite" name="LaunchJobs" time="2.521">
    <failure type="org.openqa.selenium.ElementNotInteractableException" message="Element &amp;lt;a class=&amp;quot;autoSuggestResult&amp;quot; href=&amp;quot;https://www.quikr.com/jobs/software-testing+zwqxj2726005330?from=auto&amp;quot;&amp;gt; could not be scrolled into view
Build info: version: &amp;apos;4.41.0&amp;apos;, revision: &amp;apos;9fc754f90a&amp;apos;
System info: os.name: &amp;apos;Windows 11&amp;apos;, os.arch: &amp;apos;amd64&amp;apos;, os.version: &amp;apos;10.0&amp;apos;, java.version: &amp;apos;21.0.9&amp;apos;
Driver info: org.openqa.selenium.firefox.FirefoxDriver
Command: [97bcf28a-d55a-455b-ac19-89b4bb373d12, clickElement {id=13508d36-5140-4afd-b430-ae244416c507}]
Capabilities {acceptInsecureCerts: true, browserName: firefox, browserVersion: 149.0.2, moz:accessibilityChecks: false, moz:buildID: 20260403140140, moz:geckodriverVersion: 0.36.0, moz:headless: false, moz:platformVersion: 10.0, moz:processID: 8684, moz:profile: C:\Users\Pooja\AppData\Loca..., moz:shutdownTimeout: 60000, moz:webdriverClick: true, moz:windowless: false, pageLoadStrategy: normal, platformName: windows, proxy: Proxy(), setWindowRect: true, strictFileInteractability: false, timeouts: {implicit: 0, pageLoad: 300000, script: 30000}, unhandledPromptBehavior: dismiss and notify, userAgent: Mozilla/5.0 (Windows NT 10....}
Element: [[FirefoxDriver: firefox on windows (97bcf28a-d55a-455b-ac19-89b4bb373d12)] -&amp;gt; xpath: //div[@id=&amp;quot;searchautosuggestnew&amp;quot;]/descendant::div[@class=&amp;apos;wrapResult&amp;apos;]/descendant::label/span[text()=&amp;apos;software testing&amp;apos;]/ancestor::a]
Session ID: 97bcf28a-d55a-455b-ac19-89b4bb373d12">
      <![CDATA[org.openqa.selenium.ElementNotInteractableException: Element <a class="autoSuggestResult" href="https://www.quikr.com/jobs/software-testing+zwqxj2726005330?from=auto"> could not be scrolled into view
Build info: version: '4.41.0', revision: '9fc754f90a'
System info: os.name: 'Windows 11', os.arch: 'amd64', os.version: '10.0', java.version: '21.0.9'
Driver info: org.openqa.selenium.firefox.FirefoxDriver
Command: [97bcf28a-d55a-455b-ac19-89b4bb373d12, clickElement {id=13508d36-5140-4afd-b430-ae244416c507}]
Capabilities {acceptInsecureCerts: true, browserName: firefox, browserVersion: 149.0.2, moz:accessibilityChecks: false, moz:buildID: 20260403140140, moz:geckodriverVersion: 0.36.0, moz:headless: false, moz:platformVersion: 10.0, moz:processID: 8684, moz:profile: C:\Users\Pooja\AppData\Loca..., moz:shutdownTimeout: 60000, moz:webdriverClick: true, moz:windowless: false, pageLoadStrategy: normal, platformName: windows, proxy: Proxy(), setWindowRect: true, strictFileInteractability: false, timeouts: {implicit: 0, pageLoad: 300000, script: 30000}, unhandledPromptBehavior: dismiss and notify, userAgent: Mozilla/5.0 (Windows NT 10....}
Element: [[FirefoxDriver: firefox on windows (97bcf28a-d55a-455b-ac19-89b4bb373d12)] -> xpath: //div[@id="searchautosuggestnew"]/descendant::div[@class='wrapResult']/descendant::label/span[text()='software testing']/ancestor::a]
Session ID: 97bcf28a-d55a-455b-ac19-89b4bb373d12
at org.openqa.selenium.remote.ErrorCodec.decode(ErrorCodec.java:169)
at org.openqa.selenium.remote.codec.w3c.W3CHttpResponseCodec.decode(W3CHttpResponseCodec.java:142)
at org.openqa.selenium.remote.codec.w3c.W3CHttpResponseCodec.decode(W3CHttpResponseCodec.java:49)
at org.openqa.selenium.remote.HttpCommandExecutor.execute(HttpCommandExecutor.java:223)
at org.openqa.selenium.remote.service.DriverCommandExecutor.invokeExecute(DriverCommandExecutor.java:216)
at org.openqa.selenium.remote.service.DriverCommandExecutor.execute(DriverCommandExecutor.java:174)
at org.openqa.selenium.remote.RemoteWebDriver.execute(RemoteWebDriver.java:604)
at org.openqa.selenium.remote.RemoteWebElement.execute(RemoteWebElement.java:223)
at org.openqa.selenium.remote.RemoteWebElement.click(RemoteWebElement.java:76)
at testNG.QuickerWebsite.LaunchJobs(QuickerWebsite.java:30)
at java.base/java.util.ArrayList.forEach(ArrayList.java:1596)
... Removed 25 stack frames]]>
    </failure>
  </testcase> <!-- LaunchJobs -->
</testsuite> <!-- firefoxTest -->
