<?xml version="1.0" encoding="UTF-8"?>
<!-- Generated by org.testng.reporters.JUnitXMLReporter -->
<testsuite ignored="0" hostname="Pooja" failures="0" tests="5" name="Screenshot Test" time="37.594" errors="0" timestamp="2026-05-16T14:31:31 IST">
  <testcase classname="testNG.Facebook_DataProvider" name="LoginTest" time="1.306"/>
  <testcase classname="testNG.Facebook_DataProvider" name="LoginTest" time="1.236"/>
  <testcase classname="testNG.Facebook_DataProvider" name="LoginTest" time="1.58"/>
  <testcase classname="testNG.Facebook_DataProvider" name="LoginTest" time="1.492"/>
  <testcase classname="testNG.Facebook_DataProvider" name="LoginTest" time="1.004"/>
</testsuite> <!-- Screenshot Test -->
