<?xml version="1.0" encoding="UTF-8"?>
<!-- Generated by org.testng.reporters.JUnitXMLReporter -->
<testsuite ignored="0" hostname="Pooja" failures="0" tests="1" name="Testing on chrome(failed)" time="0.177" errors="0" timestamp="2026-05-11T22:00:53 IST">
  <testcase classname="testNG.BaseClass" name="@BeforeMethod Login" time="0.016">
    <failure type="java.lang.NullPointerException" message="Cannot invoke &amp;quot;org.openqa.selenium.WebDriver.manage()&amp;quot; because &amp;quot;testNG.BaseClass.driver&amp;quot; is null">
      <![CDATA[java.lang.NullPointerException: Cannot invoke "org.openqa.selenium.WebDriver.manage()" because "testNG.BaseClass.driver" is null
at testNG.BaseClass.Login(BaseClass.java:19)
at java.base/java.util.ArrayList.forEach(ArrayList.java:1596)
... Removed 29 stack frames]]>
    </failure>
  </testcase> <!-- @BeforeMethod Login -->
  <testcase classname="testNG.BaseClass" name="@AfterMethod closeBrowser" time="0.0">
    <skipped/>
  </testcase> <!-- @AfterMethod closeBrowser -->
  <testcase classname="testNG.Amazon_Login" name="LoginTest" time="0.001">
    <skipped/>
  </testcase> <!-- LoginTest -->
</testsuite> <!-- Testing on chrome(failed) -->
