<?xml version="1.0" encoding="UTF-8"?>
<!-- Generated by org.testng.reporters.JUnitReportReporter -->
<testsuite hostname="Pooja" failures="0" tests="4" name="testNG.Amazon_Login_DataProvider" time="180.304" errors="0" timestamp="2026-05-16T13:04:34 IST" skipped="0">
  <testcase classname="testNG.Amazon_Login_DataProvider" name="LoginTest" time="43.639"/>
  <testcase classname="testNG.Amazon_Login_DataProvider" name="LoginTest" time="50.138"/>
  <testcase classname="testNG.Amazon_Login_DataProvider" name="LoginTest" time="43.286"/>
  <testcase classname="testNG.Amazon_Login_DataProvider" name="LoginTest" time="43.241"/>
</testsuite> <!-- testNG.Amazon_Login_DataProvider -->
