<?xml version="1.0" encoding="UTF-8"?>
<!-- Generated by org.testng.reporters.JUnitReportReporter -->
<testsuite hostname="Pooja" failures="0" tests="2" name="testNG.SkipTestCases_dependsOnMethod" time="0.108" errors="0" timestamp="2026-05-28T21:07:05 IST" skipped="0">
  <testcase classname="testNG.SkipTestCases_dependsOnMethod" name="Logout" time="0.008"/>
  <testcase classname="testNG.SkipTestCases_dependsOnMethod" name="Login" time="0.100"/>
</testsuite> <!-- testNG.SkipTestCases_dependsOnMethod -->
