<?xml version="1.0" encoding="UTF-8"?>
<!-- Generated by org.testng.reporters.JUnitReportReporter -->
<testsuite hostname="Pooja" failures="0" tests="1" name="amazonProject1.SearchProduct" time="29.457" errors="0" timestamp="2026-05-19T23:42:18 IST" skipped="0">
  <testcase classname="amazonProject1.SearchProduct" name="LoginTest" time="29.457">
    <system-out>
      <![CDATA[1-48 of over 100,000 results for]]>
    </system-out>
  </testcase> <!-- LoginTest -->
  <system-out>
    <![CDATA[1-48 of over 100,000 results for]]>
  </system-out>
</testsuite> <!-- amazonProject1.SearchProduct -->
