<?xml version="1.0" encoding="UTF-8"?>
<!-- Generated by org.testng.reporters.JUnitReportReporter -->
<testsuite hostname="Pooja" failures="0" tests="1" name="amazonProject1.CheckOutProcess" time="124.310" errors="0" timestamp="2026-05-22T21:39:16 IST" skipped="0">
  <testcase classname="amazonProject1.CheckOutProcess" name="LoginTest" time="124.310">
    <system-out>
      <![CDATA[Added to cart
]]>
    </system-out>
  </testcase> <!-- LoginTest -->
  <system-out>
    <![CDATA[Added to cart
]]>
  </system-out>
</testsuite> <!-- amazonProject1.CheckOutProcess -->
