<?xml version="1.0" encoding="UTF-8"?>
<!-- Generated by org.testng.reporters.JUnitReportReporter -->
<testsuite hostname="Pooja" failures="0" tests="3" name="testNG.GroupingTestCase" time="0.074" errors="0" timestamp="2026-05-28T20:58:59 IST" skipped="0">
  <testcase classname="testNG.GroupingTestCase" name="testcase1" time="0.041"/>
  <testcase classname="testNG.GroupingTestCase" name="testcase4" time="0.017"/>
  <testcase classname="testNG.GroupingTestCase" name="testcase2" time="0.016"/>
</testsuite> <!-- testNG.GroupingTestCase -->
