<?xml version="1.0" encoding="UTF-8"?>
<!-- Generated by org.testng.reporters.JUnitReportReporter -->
<testsuite hostname="Pooja" failures="0" tests="1" name="amazonProject1.SortByRelevance" time="35.473" errors="0" timestamp="2026-05-21T00:02:58 IST" skipped="0">
  <testcase classname="amazonProject1.SortByRelevance" name="LoginTest" time="35.473">
    <system-out>
      <![CDATA[Sorted By Best Sellers
Sort By Price :₹2,200 - ₹4,500
Customer Rating]]>
    </system-out>
  </testcase> <!-- LoginTest -->
  <system-out>
    <![CDATA[Sorted By Best Sellers
Sort By Price :₹2,200 - ₹4,500
Customer Rating]]>
  </system-out>
</testsuite> <!-- amazonProject1.SortByRelevance -->
