<?xml version="1.0" encoding="UTF-8"?>
<!-- Generated by org.testng.reporters.JUnitReportReporter -->
<testsuite hostname="Pooja" failures="0" tests="1" name="amazonProject1.SearchingWithFilters" time="71.934" errors="0" timestamp="2026-05-20T01:18:23 IST" skipped="0">
  <testcase classname="amazonProject1.SearchingWithFilters" name="LoginTest" time="71.934">
    <system-out>
      <![CDATA[Best seller
MARS Matte Lip Liner | One Swipe Smooth Application | Long Lasting Lip Pencil (1.4gm) (02-DEEP DAWN)
Pencil
4.4
(10.7K)
1K+ bought in past month
₹69
FREE delivery Today 11 am - 1 pm on orders over ₹149
Add to cart]]>
    </system-out>
  </testcase> <!-- LoginTest -->
  <system-out>
    <![CDATA[Best seller
MARS Matte Lip Liner | One Swipe Smooth Application | Long Lasting Lip Pencil (1.4gm) (02-DEEP DAWN)
Pencil
4.4
(10.7K)
1K+ bought in past month
₹69
FREE delivery Today 11 am - 1 pm on orders over ₹149
Add to cart]]>
  </system-out>
</testsuite> <!-- amazonProject1.SearchingWithFilters -->
