<?xml version="1.0" encoding="UTF-8"?>
<!-- Generated by org.testng.reporters.JUnitReportReporter -->
<testsuite hostname="Pooja" failures="0" tests="1" name="amazonProject1.ProductAddedToCart" time="51.451" errors="0" timestamp="2026-05-21T01:04:08 IST" skipped="0">
  <testcase classname="amazonProject1.ProductAddedToCart" name="LoginTest" time="51.451">
    <system-out>
      <![CDATA[Added to cart
Subtotal: Subtotal (1 item):]]>
    </system-out>
  </testcase> <!-- LoginTest -->
  <system-out>
    <![CDATA[Added to cart
Subtotal: Subtotal (1 item):]]>
  </system-out>
</testsuite> <!-- amazonProject1.ProductAddedToCart -->
