<?xml version="1.0" encoding="UTF-8"?>
<!-- Generated by org.testng.reporters.JUnitReportReporter -->
<testsuite hostname="Pooja" failures="0" tests="3" name="testNG.Test3Cases" time="0.056" errors="0" timestamp="2026-05-08T18:02:59 IST" skipped="0">
  <testcase classname="testNG.Test3Cases" name="login" time="0.037"/>
  <testcase classname="testNG.Test3Cases" name="register" time="0.007"/>
  <testcase classname="testNG.Test3Cases" name="logout" time="0.012"/>
</testsuite> <!-- testNG.Test3Cases -->
