<?xml version="1.0" encoding="UTF-8"?>
<!-- Generated by org.testng.reporters.JUnitReportReporter -->
<testsuite hostname="Pooja" failures="0" tests="1" name="amazonProject1.ProductDetailsPage" time="40.404" errors="0" timestamp="2026-05-20T21:51:58 IST" skipped="0">
  <testcase classname="amazonProject1.ProductDetailsPage" name="LoginTest" time="40.404">
    <system-out>
      <![CDATA[Product Price: 998
Reviews: (946)
Description: Material type
Knitted Fabric
Closure type
Lace-Up
Heel type
No Heel
Water resistance level
Not Water Resistant
Sole material
EVA + TPR
Style
Sports Shoes
Country of Origin
India
About this item
BREATHABLE KNITTED UPPER: Provides a soft, flexible fit that keeps your feet cool and comfy with every step.
RESPONSIVE CUSHIONING: PU foam insole and EVA midsole deliver soft cushioning and impact absorption for long-lasting comfort.
SUPERIOR TRACTION: Durable TPR outsole ensures a firm grip and confident movement on any surface.
See more]]>
    </system-out>
  </testcase> <!-- LoginTest -->
  <system-out>
    <![CDATA[Product Price: 998
Reviews: (946)
Description: Material type
Knitted Fabric
Closure type
Lace-Up
Heel type
No Heel
Water resistance level
Not Water Resistant
Sole material
EVA + TPR
Style
Sports Shoes
Country of Origin
India
About this item
BREATHABLE KNITTED UPPER: Provides a soft, flexible fit that keeps your feet cool and comfy with every step.
RESPONSIVE CUSHIONING: PU foam insole and EVA midsole deliver soft cushioning and impact absorption for long-lasting comfort.
SUPERIOR TRACTION: Durable TPR outsole ensures a firm grip and confident movement on any surface.
See more]]>
  </system-out>
</testsuite> <!-- amazonProject1.ProductDetailsPage -->
