<?xml version="1.0" encoding="UTF-8"?>
<!-- Generated by org.testng.reporters.JUnitReportReporter -->
<testsuite hostname="Pooja" failures="0" tests="1" name="amazonProject1.Amazon_LoginFail" time="16.502" errors="0" timestamp="2026-05-19T21:49:47 IST" skipped="0">
  <testcase classname="amazonProject1.Amazon_LoginFail" name="LoginTest" time="16.502">
    <system-out>
      <![CDATA[Your password is incorrect]]>
    </system-out>
  </testcase> <!-- LoginTest -->
  <system-out>
    <![CDATA[Your password is incorrect]]>
  </system-out>
</testsuite> <!-- amazonProject1.Amazon_LoginFail -->
