<?xml version="1.0" encoding="UTF-8"?>
<!-- Generated by org.testng.reporters.JUnitReportReporter -->
<testsuite hostname="Pooja" failures="0" tests="1" name="amazonProject1.Amazon_EditProfile" time="26.327" errors="0" timestamp="2026-05-19T22:51:26 IST" skipped="0">
  <testcase classname="amazonProject1.Amazon_EditProfile" name="LoginTest" time="26.327">
    <system-out>
      <![CDATA[Name updated.]]>
    </system-out>
  </testcase> <!-- LoginTest -->
  <system-out>
    <![CDATA[Name updated.]]>
  </system-out>
</testsuite> <!-- amazonProject1.Amazon_EditProfile -->
