<?xml version="1.0" encoding="UTF-8"?>
<!-- Generated by org.testng.reporters.JUnitReportReporter -->
<testsuite hostname="Pooja" failures="0" tests="5" name="testNG.Facebook_DataProvider" time="35.567" errors="0" timestamp="2026-05-16T14:31:31 IST" skipped="0">
  <testcase classname="testNG.Facebook_DataProvider" name="LoginTest" time="5.814">
    <system-out>
      <![CDATA[Email Entered Succesfully
Password Entered Succesfully
Assertion Validated Succesfully]]>
    </system-out>
  </testcase> <!-- LoginTest -->
  <testcase classname="testNG.Facebook_DataProvider" name="LoginTest" time="6.734">
    <system-out>
      <![CDATA[Email Entered Succesfully
Password Entered Succesfully
Assertion Validated Succesfully]]>
    </system-out>
  </testcase> <!-- LoginTest -->
  <testcase classname="testNG.Facebook_DataProvider" name="LoginTest" time="6.606">
    <system-out>
      <![CDATA[Email Entered Succesfully
Password Entered Succesfully
Assertion Validated Succesfully]]>
    </system-out>
  </testcase> <!-- LoginTest -->
  <testcase classname="testNG.Facebook_DataProvider" name="LoginTest" time="10.369">
    <system-out>
      <![CDATA[Email Entered Succesfully
Password Entered Succesfully
Assertion Validated Succesfully]]>
    </system-out>
  </testcase> <!-- LoginTest -->
  <testcase classname="testNG.Facebook_DataProvider" name="LoginTest" time="6.044">
    <system-out>
      <![CDATA[Email Entered Succesfully
Password Entered Succesfully
Assertion Validated Succesfully]]>
    </system-out>
  </testcase> <!-- LoginTest -->
  <system-out>
    <![CDATA[Email Entered Succesfully
Password Entered Succesfully
Assertion Validated Succesfully
Email Entered Succesfully
Password Entered Succesfully
Assertion Validated Succesfully
Email Entered Succesfully
Password Entered Succesfully
Assertion Validated Succesfully
Email Entered Succesfully
Password Entered Succesfully
Assertion Validated Succesfully
Email Entered Succesfully
Password Entered Succesfully
Assertion Validated Succesfully]]>
  </system-out>
</testsuite> <!-- testNG.Facebook_DataProvider -->
