<?xml version="1.0" encoding="UTF-8"?>
<!-- Generated by org.testng.reporters.JUnitReportReporter -->
<testsuite hostname="Pooja" failures="0" tests="6" name="testNG.TestNG_Disable_invocationCount" time="0.085" errors="0" timestamp="2026-05-08T18:12:49 IST" skipped="1">
  <testcase classname="testNG.TestNG_Disable_invocationCount" name="login" time="0.037"/>
  <testcase classname="testNG.TestNG_Disable_invocationCount" name="login" time="0.011"/>
  <testcase classname="testNG.TestNG_Disable_invocationCount" name="login" time="0.010"/>
  <testcase classname="testNG.TestNG_Disable_invocationCount" name="login2" time="0.011"/>
  <testcase classname="testNG.TestNG_Disable_invocationCount" name="login2" time="0.016"/>
  <testcase classname="testNG.TestNG_Disable_invocationCount" name="logout">
    <skipped/>
  </testcase> <!-- logout -->
</testsuite> <!-- testNG.TestNG_Disable_invocationCount -->
