<?xml version="1.0" encoding="UTF-8"?>
<!-- Generated by org.testng.reporters.JUnitReportReporter -->
<testsuite hostname="Pooja" failures="0" tests="4" name="testNG.TestNG_Priority" time="0.057" errors="0" timestamp="2026-05-08T18:08:38 IST" skipped="1">
  <testcase classname="testNG.TestNG_Priority" name="logout1" time="0.038"/>
  <testcase classname="testNG.TestNG_Priority" name="register" time="0.013"/>
  <testcase classname="testNG.TestNG_Priority" name="login" time="0.006"/>
  <testcase classname="testNG.TestNG_Priority" name="logout">
    <skipped/>
  </testcase> <!-- logout -->
</testsuite> <!-- testNG.TestNG_Priority -->
